[09-Sep-2018 20:35:37] NOTICE: fpm is running, pid 16
[09-Sep-2018 20:35:37] NOTICE: ready to handle connections
[02-Mar-2019 15:10:07] NOTICE: fpm is running, pid 46
[02-Mar-2019 15:10:07] NOTICE: ready to handle connections
[02-Mar-2019 23:03:50] NOTICE: Terminating ...
[02-Mar-2019 23:03:50] NOTICE: exiting, bye-bye!
[02-Mar-2019 23:04:18] NOTICE: fpm is running, pid 34
[02-Mar-2019 23:04:18] NOTICE: ready to handle connections
[03-Mar-2019 00:52:09] NOTICE: Terminating ...
[03-Mar-2019 00:52:09] NOTICE: exiting, bye-bye!
[03-Mar-2019 10:07:36] NOTICE: fpm is running, pid 36
[03-Mar-2019 10:07:36] NOTICE: ready to handle connections
[03-Mar-2019 22:34:12] NOTICE: Terminating ...
[03-Mar-2019 22:34:12] NOTICE: exiting, bye-bye!
[04-Mar-2019 18:15:36] NOTICE: fpm is running, pid 54
[04-Mar-2019 18:15:36] NOTICE: ready to handle connections
[04-Mar-2019 22:29:40] NOTICE: Terminating ...
[04-Mar-2019 22:29:40] NOTICE: exiting, bye-bye!
[06-Mar-2019 18:20:59] NOTICE: fpm is running, pid 9
[06-Mar-2019 18:20:59] NOTICE: ready to handle connections
[10-Mar-2019 11:29:51] NOTICE: Terminating ...
[10-Mar-2019 11:29:51] NOTICE: exiting, bye-bye!
[10-Mar-2019 11:30:04] NOTICE: fpm is running, pid 32
[10-Mar-2019 11:30:04] NOTICE: ready to handle connections
[19-Mar-2019 20:05:18] NOTICE: Terminating ...
[19-Mar-2019 20:05:18] NOTICE: exiting, bye-bye!
[30-Mar-2019 13:50:06] NOTICE: fpm is running, pid 58
[30-Mar-2019 13:50:07] NOTICE: ready to handle connections
[01-Apr-2019 18:58:12] WARNING: [pool www] server reached pm.max_children setting (5), consider raising it
[02-Apr-2019 16:09:20] NOTICE: fpm is running, pid 52
[02-Apr-2019 16:09:20] NOTICE: ready to handle connections
[14-Apr-2019 16:14:30] NOTICE: fpm is running, pid 52
[14-Apr-2019 16:14:30] NOTICE: ready to handle connections
[15-Apr-2019 18:28:38] NOTICE: Terminating ...
[15-Apr-2019 18:28:38] NOTICE: exiting, bye-bye!
[25-Apr-2019 19:34:53] NOTICE: fpm is running, pid 47
[25-Apr-2019 19:34:53] NOTICE: ready to handle connections
